Release 14.7 - xst P.20131013 (nt64)
Copyright (c) 1995-2013 Xilinx, Inc.  All rights reserved.
--> Parameter TMPDIR set to xst/projnav.tmp


Total REAL time to Xst completion: 1.00 secs
Total CPU time to Xst completion: 0.10 secs
 
--> Parameter xsthdpdir set to xst


Total REAL time to Xst completion: 1.00 secs
Total CPU time to Xst completion: 0.11 secs
 
--> Reading design: WallaceTree.prj

TABLE OF CONTENTS
  1) Synthesis Options Summary
  2) HDL Compilation
  3) Design Hierarchy Analysis
  4) HDL Analysis
  5) HDL Synthesis
     5.1) HDL Synthesis Report
  6) Advanced HDL Synthesis
     6.1) Advanced HDL Synthesis Report
  7) Low Level Synthesis
  8) Partition Report
  9) Final Report
	9.1) Device utilization summary
	9.2) Partition Resource Summary
	9.3) TIMING REPORT


=========================================================================
*                      Synthesis Options Summary                        *
=========================================================================
---- Source Parameters
Input File Name                    : "WallaceTree.prj"
Input Format                       : mixed
Ignore Synthesis Constraint File   : NO

---- Target Parameters
Output File Name                   : "WallaceTree"
Output Format                      : NGC
Target Device                      : xc3s500e-4-fg320

---- Source Options
Top Module Name                    : WallaceTree
Automatic FSM Extraction           : YES
FSM Encoding Algorithm             : Auto
Safe Implementation                : No
FSM Style                          : LUT
RAM Extraction                     : Yes
RAM Style                          : Auto
ROM Extraction                     : Yes
Mux Style                          : Auto
Decoder Extraction                 : YES
Priority Encoder Extraction        : Yes
Shift Register Extraction          : YES
Logical Shifter Extraction         : YES
XOR Collapsing                     : YES
ROM Style                          : Auto
Mux Extraction                     : Yes
Resource Sharing                   : YES
Asynchronous To Synchronous        : NO
Multiplier Style                   : Auto
Automatic Register Balancing       : No

---- Target Options
Add IO Buffers                     : YES
Global Maximum Fanout              : 100000
Add Generic Clock Buffer(BUFG)     : 24
Register Duplication               : YES
Slice Packing                      : YES
Optimize Instantiated Primitives   : NO
Use Clock Enable                   : Yes
Use Synchronous Set                : Yes
Use Synchronous Reset              : Yes
Pack IO Registers into IOBs        : Auto
Equivalent register Removal        : YES

---- General Options
Optimization Goal                  : Speed
Optimization Effort                : 1
Keep Hierarchy                     : No
Netlist Hierarchy                  : As_Optimized
RTL Output                         : Yes
Global Optimization                : AllClockNets
Read Cores                         : YES
Write Timing Constraints           : NO
Cross Clock Analysis               : NO
Hierarchy Separator                : /
Bus Delimiter                      : <>
Case Specifier                     : Maintain
Slice Utilization Ratio            : 100
BRAM Utilization Ratio             : 100
Verilog 2001                       : YES
Auto BRAM Packing                  : NO
Slice Utilization Ratio Delta      : 5

=========================================================================


=========================================================================
*                          HDL Compilation                              *
=========================================================================
Compiling verilog file "nHalfAdder.v" in library work
Compiling verilog file "FullAdder.v" in library work
Module <nHalfAdder> compiled
Compiling verilog file "CSA.v" in library work
Module <FullAdder> compiled
Compiling verilog file "CPA.v" in library work
Module <CSA> compiled
Compiling verilog file "WallaceTree.v" in library work
Module <CPA> compiled
Module <WallaceTree> compiled
No errors in compilation
Analysis of file <"WallaceTree.prj"> succeeded.
 

=========================================================================
*                     Design Hierarchy Analysis                         *
=========================================================================
Analyzing hierarchy for module <WallaceTree> in library <work>.

Analyzing hierarchy for module <CSA> in library <work> with parameters.
	wit = "00000000000000000000000000100000"

Analyzing hierarchy for module <CPA> in library <work>.

Analyzing hierarchy for module <FullAdder> in library <work>.

Analyzing hierarchy for module <nHalfAdder> in library <work>.


=========================================================================
*                            HDL Analysis                               *
=========================================================================
Analyzing top module <WallaceTree>.
Module <WallaceTree> is correct for synthesis.
 
Analyzing module <CSA> in library <work>.
	wit = 32'sb00000000000000000000000000100000
Module <CSA> is correct for synthesis.
 
Analyzing module <FullAdder> in library <work>.
Module <FullAdder> is correct for synthesis.
 
Analyzing module <nHalfAdder> in library <work>.
Module <nHalfAdder> is correct for synthesis.
 
Analyzing module <CPA> in library <work>.
Module <CPA> is correct for synthesis.
 

=========================================================================
*                           HDL Synthesis                               *
=========================================================================

Performing bidirectional port resolution...

Synthesizing Unit <nHalfAdder>.
    Related source file is "nHalfAdder.v".
    Found 1-bit xor2 for signal <SUM>.
Unit <nHalfAdder> synthesized.


Synthesizing Unit <FullAdder>.
    Related source file is "FullAdder.v".
Unit <FullAdder> synthesized.


Synthesizing Unit <CSA>.
    Related source file is "CSA.v".
Unit <CSA> synthesized.


Synthesizing Unit <CPA>.
    Related source file is "CPA.v".
WARNING:Xst:1305 - Output <sum<32>> is never assigned. Tied to value 0.
WARNING:Xst:647 - Input <x<32>> is never used. This port will be preserved and left unconnected if it belongs to a top-level block or it belongs to a sub-block and the hierarchy of this sub-block is preserved.
WARNING:Xst:647 - Input <y<32>> is never used. This port will be preserved and left unconnected if it belongs to a top-level block or it belongs to a sub-block and the hierarchy of this sub-block is preserved.
Unit <CPA> synthesized.


Synthesizing Unit <WallaceTree>.
    Related source file is "WallaceTree.v".
WARNING:Xst:646 - Signal <z> is assigned but never used. This unconnected signal will be trimmed during the optimization process.
    Found 32-bit adder for signal <prod$addsub0000> created at line 76.
    Found 16-bit adder for signal <x1$addsub0000> created at line 40.
    Found 16-bit adder for signal <x1$addsub0001> created at line 40.
    Summary:
	inferred   3 Adder/Subtractor(s).
Unit <WallaceTree> synthesized.


=========================================================================
HDL Synthesis Report

Macro Statistics
# Adders/Subtractors                                   : 3
 16-bit adder                                          : 2
 32-bit adder                                          : 1
# Xors                                                 : 988
 1-bit xor2                                            : 988

=========================================================================

=========================================================================
*                       Advanced HDL Synthesis                          *
=========================================================================

WARNING:Xst:1290 - Hierarchical block <A[32].fa1> is unconnected in block <c0>.
   It will be removed from the design.
WARNING:Xst:1290 - Hierarchical block <A[32].fa1> is unconnected in block <c1>.
   It will be removed from the design.
WARNING:Xst:1290 - Hierarchical block <A[32].fa1> is unconnected in block <c2>.
   It will be removed from the design.
WARNING:Xst:1290 - Hierarchical block <A[32].fa1> is unconnected in block <c3>.
   It will be removed from the design.
WARNING:Xst:1290 - Hierarchical block <A[32].fa1> is unconnected in block <c4>.
   It will be removed from the design.
WARNING:Xst:1290 - Hierarchical block <A[32].fa1> is unconnected in block <c5>.
   It will be removed from the design.
WARNING:Xst:1290 - Hierarchical block <A[32].fa1> is unconnected in block <c6>.
   It will be removed from the design.
WARNING:Xst:1290 - Hierarchical block <A[32].fa1> is unconnected in block <c7>.
   It will be removed from the design.
WARNING:Xst:1290 - Hierarchical block <A[32].fa1> is unconnected in block <c8>.
   It will be removed from the design.
WARNING:Xst:1290 - Hierarchical block <A[32].fa1> is unconnected in block <c9>.
   It will be removed from the design.
WARNING:Xst:1290 - Hierarchical block <A[32].fa1> is unconnected in block <c10>.
   It will be removed from the design.
WARNING:Xst:1290 - Hierarchical block <A[32].fa1> is unconnected in block <c11>.
   It will be removed from the design.
WARNING:Xst:1290 - Hierarchical block <A[32].fa1> is unconnected in block <c12>.
   It will be removed from the design.
WARNING:Xst:1290 - Hierarchical block <A[32].fa1> is unconnected in block <c13>.
   It will be removed from the design.
WARNING:Xst:1290 - Hierarchical block <HA1> is unconnected in block <A[17].fa1>.
   It will be removed from the design.
WARNING:Xst:1290 - Hierarchical block <A[18].fa1> is unconnected in block <c0>.
   It will be removed from the design.
WARNING:Xst:1290 - Hierarchical block <A[19].fa1> is unconnected in block <c0>.
   It will be removed from the design.
WARNING:Xst:1290 - Hierarchical block <A[20].fa1> is unconnected in block <c0>.
   It will be removed from the design.
WARNING:Xst:1290 - Hierarchical block <A[21].fa1> is unconnected in block <c0>.
   It will be removed from the design.
WARNING:Xst:1290 - Hierarchical block <A[22].fa1> is unconnected in block <c0>.
   It will be removed from the design.
WARNING:Xst:1290 - Hierarchical block <A[23].fa1> is unconnected in block <c0>.
   It will be removed from the design.
WARNING:Xst:1290 - Hierarchical block <A[24].fa1> is unconnected in block <c0>.
   It will be removed from the design.
WARNING:Xst:1290 - Hierarchical block <A[25].fa1> is unconnected in block <c0>.
   It will be removed from the design.
WARNING:Xst:1290 - Hierarchical block <A[26].fa1> is unconnected in block <c0>.
   It will be removed from the design.
WARNING:Xst:1290 - Hierarchical block <A[27].fa1> is unconnected in block <c0>.
   It will be removed from the design.
WARNING:Xst:1290 - Hierarchical block <A[28].fa1> is unconnected in block <c0>.
   It will be removed from the design.
WARNING:Xst:1290 - Hierarchical block <A[29].fa1> is unconnected in block <c0>.
   It will be removed from the design.
WARNING:Xst:1290 - Hierarchical block <A[30].fa1> is unconnected in block <c0>.
   It will be removed from the design.
WARNING:Xst:1290 - Hierarchical block <A[31].fa1> is unconnected in block <c0>.
   It will be removed from the design.
WARNING:Xst:1290 - Hierarchical block <A[0].fa1> is unconnected in block <c1>.
   It will be removed from the design.
WARNING:Xst:1290 - Hierarchical block <A[1].fa1> is unconnected in block <c1>.
   It will be removed from the design.
WARNING:Xst:1290 - Hierarchical block <A[2].fa1> is unconnected in block <c1>.
   It will be removed from the design.
WARNING:Xst:1290 - Hierarchical block <HA1> is unconnected in block <A[20].fa1>.
   It will be removed from the design.
WARNING:Xst:1290 - Hierarchical block <A[21].fa1> is unconnected in block <c1>.
   It will be removed from the design.
WARNING:Xst:1290 - Hierarchical block <A[22].fa1> is unconnected in block <c1>.
   It will be removed from the design.
WARNING:Xst:1290 - Hierarchical block <A[23].fa1> is unconnected in block <c1>.
   It will be removed from the design.
WARNING:Xst:1290 - Hierarchical block <A[24].fa1> is unconnected in block <c1>.
   It will be removed from the design.
WARNING:Xst:1290 - Hierarchical block <A[25].fa1> is unconnected in block <c1>.
   It will be removed from the design.
WARNING:Xst:1290 - Hierarchical block <A[26].fa1> is unconnected in block <c1>.
   It will be removed from the design.
WARNING:Xst:1290 - Hierarchical block <A[27].fa1> is unconnected in block <c1>.
   It will be removed from the design.
WARNING:Xst:1290 - Hierarchical block <A[28].fa1> is unconnected in block <c1>.
   It will be removed from the design.
WARNING:Xst:1290 - Hierarchical block <A[29].fa1> is unconnected in block <c1>.
   It will be removed from the design.
WARNING:Xst:1290 - Hierarchical block <A[30].fa1> is unconnected in block <c1>.
   It will be removed from the design.
WARNING:Xst:1290 - Hierarchical block <A[31].fa1> is unconnected in block <c1>.
   It will be removed from the design.
WARNING:Xst:1290 - Hierarchical block <A[0].fa1> is unconnected in block <c2>.
   It will be removed from the design.
WARNING:Xst:1290 - Hierarchical block <A[1].fa1> is unconnected in block <c2>.
   It will be removed from the design.
WARNING:Xst:1290 - Hierarchical block <A[2].fa1> is unconnected in block <c2>.
   It will be removed from the design.
WARNING:Xst:1290 - Hierarchical block <A[3].fa1> is unconnected in block <c2>.
   It will be removed from the design.
WARNING:Xst:1290 - Hierarchical block <A[4].fa1> is unconnected in block <c2>.
   It will be removed from the design.
WARNING:Xst:1290 - Hierarchical block <A[5].fa1> is unconnected in block <c2>.
   It will be removed from the design.
WARNING:Xst:1290 - Hierarchical block <HA1> is unconnected in block <A[23].fa1>.
   It will be removed from the design.
WARNING:Xst:1290 - Hierarchical block <A[24].fa1> is unconnected in block <c2>.
   It will be removed from the design.
WARNING:Xst:1290 - Hierarchical block <A[25].fa1> is unconnected in block <c2>.
   It will be removed from the design.
WARNING:Xst:1290 - Hierarchical block <A[26].fa1> is unconnected in block <c2>.
   It will be removed from the design.
WARNING:Xst:1290 - Hierarchical block <A[27].fa1> is unconnected in block <c2>.
   It will be removed from the design.
WARNING:Xst:1290 - Hierarchical block <A[28].fa1> is unconnected in block <c2>.
   It will be removed from the design.
WARNING:Xst:1290 - Hierarchical block <A[29].fa1> is unconnected in block <c2>.
   It will be removed from the design.
WARNING:Xst:1290 - Hierarchical block <A[30].fa1> is unconnected in block <c2>.
   It will be removed from the design.
WARNING:Xst:1290 - Hierarchical block <A[31].fa1> is unconnected in block <c2>.
   It will be removed from the design.
WARNING:Xst:1290 - Hierarchical block <A[0].fa1> is unconnected in block <c3>.
   It will be removed from the design.
WARNING:Xst:1290 - Hierarchical block <A[1].fa1> is unconnected in block <c3>.
   It will be removed from the design.
WARNING:Xst:1290 - Hierarchical block <A[2].fa1> is unconnected in block <c3>.
   It will be removed from the design.
WARNING:Xst:1290 - Hierarchical block <A[3].fa1> is unconnected in block <c3>.
   It will be removed from the design.
WARNING:Xst:1290 - Hierarchical block <A[4].fa1> is unconnected in block <c3>.
   It will be removed from the design.
WARNING:Xst:1290 - Hierarchical block <A[5].fa1> is unconnected in block <c3>.
   It will be removed from the design.
WARNING:Xst:1290 - Hierarchical block <A[6].fa1> is unconnected in block <c3>.
   It will be removed from the design.
WARNING:Xst:1290 - Hierarchical block <A[7].fa1> is unconnected in block <c3>.
   It will be removed from the design.
WARNING:Xst:1290 - Hierarchical block <A[8].fa1> is unconnected in block <c3>.
   It will be removed from the design.
WARNING:Xst:1290 - Hierarchical block <HA1> is unconnected in block <A[26].fa1>.
   It will be removed from the design.
WARNING:Xst:1290 - Hierarchical block <A[27].fa1> is unconnected in block <c3>.
   It will be removed from the design.
WARNING:Xst:1290 - Hierarchical block <A[28].fa1> is unconnected in block <c3>.
   It will be removed from the design.
WARNING:Xst:1290 - Hierarchical block <A[29].fa1> is unconnected in block <c3>.
   It will be removed from the design.
WARNING:Xst:1290 - Hierarchical block <A[30].fa1> is unconnected in block <c3>.
   It will be removed from the design.
WARNING:Xst:1290 - Hierarchical block <A[31].fa1> is unconnected in block <c3>.
   It will be removed from the design.
WARNING:Xst:1290 - Hierarchical block <A[0].fa1> is unconnected in block <c4>.
   It will be removed from the design.
WARNING:Xst:1290 - Hierarchical block <A[1].fa1> is unconnected in block <c4>.
   It will be removed from the design.
WARNING:Xst:1290 - Hierarchical block <A[2].fa1> is unconnected in block <c4>.
   It will be removed from the design.
WARNING:Xst:1290 - Hierarchical block <A[3].fa1> is unconnected in block <c4>.
   It will be removed from the design.
WARNING:Xst:1290 - Hierarchical block <A[4].fa1> is unconnected in block <c4>.
   It will be removed from the design.
WARNING:Xst:1290 - Hierarchical block <A[5].fa1> is unconnected in block <c4>.
   It will be removed from the design.
WARNING:Xst:1290 - Hierarchical block <A[6].fa1> is unconnected in block <c4>.
   It will be removed from the design.
WARNING:Xst:1290 - Hierarchical block <A[7].fa1> is unconnected in block <c4>.
   It will be removed from the design.
WARNING:Xst:1290 - Hierarchical block <A[8].fa1> is unconnected in block <c4>.
   It will be removed from the design.
WARNING:Xst:1290 - Hierarchical block <A[9].fa1> is unconnected in block <c4>.
   It will be removed from the design.
WARNING:Xst:1290 - Hierarchical block <A[10].fa1> is unconnected in block <c4>.
   It will be removed from the design.
WARNING:Xst:1290 - Hierarchical block <A[11].fa1> is unconnected in block <c4>.
   It will be removed from the design.
WARNING:Xst:1290 - Hierarchical block <HA1> is unconnected in block <A[29].fa1>.
   It will be removed from the design.
WARNING:Xst:1290 - Hierarchical block <A[30].fa1> is unconnected in block <c4>.
   It will be removed from the design.
WARNING:Xst:1290 - Hierarchical block <A[31].fa1> is unconnected in block <c4>.
   It will be removed from the design.
WARNING:Xst:1290 - Hierarchical block <A[21].fa1> is unconnected in block <c5>.
   It will be removed from the design.
WARNING:Xst:1290 - Hierarchical block <A[22].fa1> is unconnected in block <c5>.
   It will be removed from the design.
WARNING:Xst:1290 - Hierarchical block <A[23].fa1> is unconnected in block <c5>.
   It will be removed from the design.
WARNING:Xst:1290 - Hierarchical block <A[24].fa1> is unconnected in block <c5>.
   It will be removed from the design.
WARNING:Xst:1290 - Hierarchical block <A[25].fa1> is unconnected in block <c5>.
   It will be removed from the design.
WARNING:Xst:1290 - Hierarchical block <A[26].fa1> is unconnected in block <c5>.
   It will be removed from the design.
WARNING:Xst:1290 - Hierarchical block <A[27].fa1> is unconnected in block <c5>.
   It will be removed from the design.
WARNING:Xst:1290 - Hierarchical block <A[28].fa1> is unconnected in block <c5>.
   It will be removed from the design.
WARNING:Xst:1290 - Hierarchical block <A[29].fa1> is unconnected in block <c5>.
   It will be removed from the design.
WARNING:Xst:1290 - Hierarchical block <A[30].fa1> is unconnected in block <c5>.
   It will be removed from the design.
WARNING:Xst:1290 - Hierarchical block <A[31].fa1> is unconnected in block <c5>.
   It will be removed from the design.
WARNING:Xst:1290 - Hierarchical block <A[0].fa1> is unconnected in block <c6>.
   It will be removed from the design.
WARNING:Xst:1290 - Hierarchical block <A[1].fa1> is unconnected in block <c6>.
   It will be removed from the design.
WARNING:Xst:1290 - Hierarchical block <A[2].fa1> is unconnected in block <c6>.
   It will be removed from the design.
WARNING:Xst:1290 - Hierarchical block <A[3].fa1> is unconnected in block <c6>.
   It will be removed from the design.
WARNING:Xst:1290 - Hierarchical block <A[4].fa1> is unconnected in block <c6>.
   It will be removed from the design.
WARNING:Xst:1290 - Hierarchical block <A[24].fa1> is unconnected in block <c6>.
   It will be removed from the design.
WARNING:Xst:1290 - Hierarchical block <A[25].fa1> is unconnected in block <c6>.
   It will be removed from the design.
WARNING:Xst:1290 - Hierarchical block <A[26].fa1> is unconnected in block <c6>.
   It will be removed from the design.
WARNING:Xst:1290 - Hierarchical block <A[27].fa1> is unconnected in block <c6>.
   It will be removed from the design.
WARNING:Xst:1290 - Hierarchical block <A[28].fa1> is unconnected in block <c6>.
   It will be removed from the design.
WARNING:Xst:1290 - Hierarchical block <A[29].fa1> is unconnected in block <c6>.
   It will be removed from the design.
WARNING:Xst:1290 - Hierarchical block <A[30].fa1> is unconnected in block <c6>.
   It will be removed from the design.
WARNING:Xst:1290 - Hierarchical block <A[31].fa1> is unconnected in block <c6>.
   It will be removed from the design.
WARNING:Xst:1290 - Hierarchical block <A[0].fa1> is unconnected in block <c7>.
   It will be removed from the design.
WARNING:Xst:1290 - Hierarchical block <A[1].fa1> is unconnected in block <c7>.
   It will be removed from the design.
WARNING:Xst:1290 - Hierarchical block <A[2].fa1> is unconnected in block <c7>.
   It will be removed from the design.
WARNING:Xst:1290 - Hierarchical block <A[3].fa1> is unconnected in block <c7>.
   It will be removed from the design.
WARNING:Xst:1290 - Hierarchical block <A[4].fa1> is unconnected in block <c7>.
   It will be removed from the design.
WARNING:Xst:1290 - Hierarchical block <A[5].fa1> is unconnected in block <c7>.
   It will be removed from the design.
WARNING:Xst:1290 - Hierarchical block <A[6].fa1> is unconnected in block <c7>.
   It will be removed from the design.
WARNING:Xst:1290 - Hierarchical block <A[7].fa1> is unconnected in block <c7>.
   It will be removed from the design.
WARNING:Xst:1290 - Hierarchical block <A[8].fa1> is unconnected in block <c7>.
   It will be removed from the design.
WARNING:Xst:1290 - Hierarchical block <HA1> is unconnected in block <A[27].fa1>.
   It will be removed from the design.
WARNING:Xst:1290 - Hierarchical block <HA1> is unconnected in block <A[28].fa1>.
   It will be removed from the design.
WARNING:Xst:1290 - Hierarchical block <HA1> is unconnected in block <A[29].fa1>.
   It will be removed from the design.
WARNING:Xst:1290 - Hierarchical block <A[30].fa1> is unconnected in block <c7>.
   It will be removed from the design.
WARNING:Xst:1290 - Hierarchical block <A[31].fa1> is unconnected in block <c7>.
   It will be removed from the design.
WARNING:Xst:1290 - Hierarchical block <HA1> is unconnected in block <A[21].fa1>.
   It will be removed from the design.
WARNING:Xst:1290 - Hierarchical block <HA1> is unconnected in block <A[22].fa1>.
   It will be removed from the design.
WARNING:Xst:1290 - Hierarchical block <HA1> is unconnected in block <A[23].fa1>.
   It will be removed from the design.
WARNING:Xst:1290 - Hierarchical block <A[24].fa1> is unconnected in block <c8>.
   It will be removed from the design.
WARNING:Xst:1290 - Hierarchical block <A[25].fa1> is unconnected in block <c8>.
   It will be removed from the design.
WARNING:Xst:1290 - Hierarchical block <A[26].fa1> is unconnected in block <c8>.
   It will be removed from the design.
WARNING:Xst:1290 - Hierarchical block <A[27].fa1> is unconnected in block <c8>.
   It will be removed from the design.
WARNING:Xst:1290 - Hierarchical block <A[28].fa1> is unconnected in block <c8>.
   It will be removed from the design.
WARNING:Xst:1290 - Hierarchical block <A[29].fa1> is unconnected in block <c8>.
   It will be removed from the design.
WARNING:Xst:1290 - Hierarchical block <A[30].fa1> is unconnected in block <c8>.
   It will be removed from the design.
WARNING:Xst:1290 - Hierarchical block <A[31].fa1> is unconnected in block <c8>.
   It will be removed from the design.
WARNING:Xst:1290 - Hierarchical block <A[0].fa1> is unconnected in block <c9>.
   It will be removed from the design.
WARNING:Xst:1290 - Hierarchical block <A[1].fa1> is unconnected in block <c9>.
   It will be removed from the design.
WARNING:Xst:1290 - Hierarchical block <A[2].fa1> is unconnected in block <c9>.
   It will be removed from the design.
WARNING:Xst:1290 - Hierarchical block <A[3].fa1> is unconnected in block <c9>.
   It will be removed from the design.
WARNING:Xst:1290 - Hierarchical block <A[4].fa1> is unconnected in block <c9>.
   It will be removed from the design.
WARNING:Xst:1290 - Hierarchical block <A[5].fa1> is unconnected in block <c9>.
   It will be removed from the design.
WARNING:Xst:1290 - Hierarchical block <A[6].fa1> is unconnected in block <c9>.
   It will be removed from the design.
WARNING:Xst:1290 - Hierarchical block <A[30].fa1> is unconnected in block <c9>.
   It will be removed from the design.
WARNING:Xst:1290 - Hierarchical block <A[31].fa1> is unconnected in block <c9>.
   It will be removed from the design.
WARNING:Xst:1290 - Hierarchical block <HA1> is unconnected in block <A[24].fa1>.
   It will be removed from the design.
WARNING:Xst:1290 - Hierarchical block <HA1> is unconnected in block <A[25].fa1>.
   It will be removed from the design.
WARNING:Xst:1290 - Hierarchical block <HA1> is unconnected in block <A[26].fa1>.
   It will be removed from the design.
WARNING:Xst:1290 - Hierarchical block <HA1> is unconnected in block <A[27].fa1>.
   It will be removed from the design.
WARNING:Xst:1290 - Hierarchical block <HA1> is unconnected in block <A[28].fa1>.
   It will be removed from the design.
WARNING:Xst:1290 - Hierarchical block <HA1> is unconnected in block <A[29].fa1>.
   It will be removed from the design.
WARNING:Xst:1290 - Hierarchical block <A[30].fa1> is unconnected in block <c10>.
   It will be removed from the design.
WARNING:Xst:1290 - Hierarchical block <A[31].fa1> is unconnected in block <c10>.
   It will be removed from the design.
WARNING:Xst:1290 - Hierarchical block <A[0].fa1> is unconnected in block <c11>.
   It will be removed from the design.
WARNING:Xst:1290 - Hierarchical block <A[1].fa1> is unconnected in block <c11>.
   It will be removed from the design.
WARNING:Xst:1290 - Hierarchical block <A[2].fa1> is unconnected in block <c11>.
   It will be removed from the design.
WARNING:Xst:1290 - Hierarchical block <A[3].fa1> is unconnected in block <c11>.
   It will be removed from the design.
WARNING:Xst:1290 - Hierarchical block <A[4].fa1> is unconnected in block <c11>.
   It will be removed from the design.
WARNING:Xst:1290 - Hierarchical block <A[5].fa1> is unconnected in block <c11>.
   It will be removed from the design.
WARNING:Xst:1290 - Hierarchical block <A[6].fa1> is unconnected in block <c11>.
   It will be removed from the design.
WARNING:Xst:1290 - Hierarchical block <A[7].fa1> is unconnected in block <c11>.
   It will be removed from the design.
WARNING:Xst:1290 - Hierarchical block <A[8].fa1> is unconnected in block <c11>.
   It will be removed from the design.
WARNING:Xst:1290 - Hierarchical block <A[9].fa1> is unconnected in block <c11>.
   It will be removed from the design.
WARNING:Xst:1290 - Hierarchical block <A[31].fa1> is unconnected in block <c11>.
   It will be removed from the design.
WARNING:Xst:1290 - Hierarchical block <HA1> is unconnected in block <A[30].fa1>.
   It will be removed from the design.
WARNING:Xst:1290 - Hierarchical block <A[31].fa1> is unconnected in block <c12>.
   It will be removed from the design.
WARNING:Xst:1290 - Hierarchical block <A[31].fa1> is unconnected in block <c13>.
   It will be removed from the design.

=========================================================================
Advanced HDL Synthesis Report

Macro Statistics
# Adders/Subtractors                                   : 3
 16-bit adder                                          : 2
 32-bit adder                                          : 1
# Xors                                                 : 988
 1-bit xor2                                            : 988

=========================================================================

=========================================================================
*                         Low Level Synthesis                           *
=========================================================================

Optimizing unit <WallaceTree> ...

Optimizing unit <CSA> ...

Optimizing unit <CPA> ...

Mapping all equations...
Building and optimizing final netlist ...
Found area constraint ratio of 100 (+ 5) on block WallaceTree, actual ratio is 11.

Final Macro Processing ...

=========================================================================
Final Register Report

Found no macro
=========================================================================

=========================================================================
*                           Partition Report                            *
=========================================================================

Partition Implementation Status
-------------------------------

  No Partitions were found in this design.

-------------------------------

=========================================================================
*                            Final Report                               *
=========================================================================
Final Results
RTL Top Level Output File Name     : WallaceTree.ngr
Top Level Output File Name         : WallaceTree
Output Format                      : NGC
Optimization Goal                  : Speed
Keep Hierarchy                     : No

Design Statistics
# IOs                              : 64

Cell Usage :
# BELS                             : 895
#      GND                         : 1
#      INV                         : 16
#      LUT2                        : 9
#      LUT3                        : 324
#      LUT4                        : 419
#      MUXCY                       : 46
#      MUXF5                       : 31
#      VCC                         : 1
#      XORCY                       : 48
# IO Buffers                       : 64
#      IBUF                        : 32
#      OBUF                        : 32
=========================================================================

Device utilization summary:
---------------------------

Selected Device : 3s500efg320-4 

 Number of Slices:                      448  out of   4656     9%  
 Number of 4 input LUTs:                768  out of   9312     8%  
 Number of IOs:                          64
 Number of bonded IOBs:                  64  out of    232    27%  

---------------------------
Partition Resource Summary:
---------------------------

  No Partitions were found in this design.

---------------------------


=========================================================================
TIMING REPORT

NOTE: THESE TIMING NUMBERS ARE ONLY A SYNTHESIS ESTIMATE.
      FOR ACCURATE TIMING INFORMATION PLEASE REFER TO THE TRACE REPORT
      GENERATED AFTER PLACE-and-ROUTE.

Clock Information:
------------------
No clock signals found in this design

Asynchronous Control Signals Information:
----------------------------------------
No asynchronous control signals found in this design

Timing Summary:
---------------
Speed Grade: -4

   Minimum period: No path found
   Minimum input arrival time before clock: No path found
   Maximum output required time after clock: No path found
   Maximum combinational path delay: 49.541ns

Timing Detail:
--------------
All values displayed in nanoseconds (ns)

=========================================================================
Timing constraint: Default path analysis
  Total number of paths / destination ports: 15947166 / 32
-------------------------------------------------------------------------
Delay:               49.541ns (Levels of Logic = 41)
  Source:            x<0> (PAD)
  Destination:       prod<31> (PAD)

  Data Path: x<0> to prod<31>
                                Gate     Net
    Cell:in->out      fanout   Delay   Delay  Logical Name (Net Name)
    ----------------------------------------  ------------
     IBUF:I->O            18   1.218   1.068  x_0_IBUF (x_0_IBUF)
     INV:I->O              1   0.704   0.000  Madd_x1_not0000<0>1_INV_0 (Madd_x1_not0000<0>)
     MUXCY:S->O            1   0.464   0.000  Madd_x1_addsub0001_Madd_cy<0> (Madd_x1_addsub0001_Madd_cy<0>)
     MUXCY:CI->O           1   0.059   0.000  Madd_x1_addsub0001_Madd_cy<1> (Madd_x1_addsub0001_Madd_cy<1>)
     MUXCY:CI->O           1   0.059   0.000  Madd_x1_addsub0001_Madd_cy<2> (Madd_x1_addsub0001_Madd_cy<2>)
     MUXCY:CI->O           1   0.059   0.000  Madd_x1_addsub0001_Madd_cy<3> (Madd_x1_addsub0001_Madd_cy<3>)
     XORCY:CI->O           5   0.804   0.668  Madd_x1_addsub0001_Madd_xor<4> (x1_addsub0001<4>)
     LUT3:I2->O           24   0.704   1.331  x1<4>1 (x1<4>)
     LUT4:I1->O            3   0.704   0.566  c1/A[4].fa1/HA2/Mxor_SUM_Result1 (sums<1><4>)
     LUT3:I2->O            4   0.704   0.762  c5/A[4].fa1/C_out1 (carrys<5><5>)
     LUT3:I0->O            1   0.704   0.595  c8/A[5].fa1/C_out1 (carrys<8><6>)
     LUT4:I0->O            5   0.704   0.712  c10/A[6].fa1/C_out1 (carrys<10><7>)
     LUT3:I1->O            1   0.704   0.424  final/A[7].fa/C_out1_SW0 (N2)
     LUT4:I3->O            3   0.704   0.566  final/A[7].fa/C_out1 (final/cin<8>)
     LUT3:I2->O            3   0.704   0.566  final/A[8].fa/C_out1 (final/cin<9>)
     LUT3:I2->O            3   0.704   0.566  final/A[9].fa/C_out1 (final/cin<10>)
     LUT3:I2->O            3   0.704   0.566  final/A[10].fa/C_out1 (final/cin<11>)
     LUT3:I2->O            3   0.704   0.566  final/A[11].fa/C_out1 (final/cin<12>)
     LUT3:I2->O            3   0.704   0.566  final/A[12].fa/C_out1 (final/cin<13>)
     LUT3:I2->O            3   0.704   0.566  final/A[13].fa/C_out1 (final/cin<14>)
     LUT3:I2->O            3   0.704   0.566  final/A[14].fa/C_out1 (final/cin<15>)
     LUT3:I2->O            3   0.704   0.566  final/A[15].fa/C_out1 (final/cin<16>)
     LUT3:I2->O            3   0.704   0.566  final/A[16].fa/C_out1 (final/cin<17>)
     LUT3:I2->O            3   0.704   0.566  final/A[17].fa/C_out1 (final/cin<18>)
     LUT3:I2->O            3   0.704   0.566  final/A[18].fa/C_out1 (final/cin<19>)
     LUT3:I2->O            3   0.704   0.566  final/A[19].fa/C_out1 (final/cin<20>)
     LUT3:I2->O            3   0.704   0.566  final/A[20].fa/C_out1 (final/cin<21>)
     LUT3:I2->O            3   0.704   0.566  final/A[21].fa/C_out1 (final/cin<22>)
     LUT3:I2->O            3   0.704   0.566  final/A[22].fa/C_out1 (final/cin<23>)
     LUT3:I2->O            3   0.704   0.566  final/A[23].fa/C_out1 (final/cin<24>)
     LUT3:I2->O            3   0.704   0.566  final/A[24].fa/C_out1 (final/cin<25>)
     LUT3:I2->O            3   0.704   0.566  final/A[25].fa/C_out1 (final/cin<26>)
     LUT3:I2->O            3   0.704   0.566  final/A[26].fa/C_out1 (final/cin<27>)
     LUT3:I2->O            3   0.704   0.566  final/A[27].fa/C_out1 (final/cin<28>)
     LUT3:I2->O            3   0.704   0.566  final/A[28].fa/C_out1 (final/cin<29>)
     LUT3:I2->O            3   0.704   0.610  final/A[29].fa/C_out1 (final/cin<30>)
     LUT3:I1->O            2   0.704   0.622  final/A[31].fa/HA2/Mxor_SUM_Result1_SW0 (N01)
     LUT4:I0->O            0   0.704   0.000  Madd_prod_not0000<31>1 (Madd_prod_not0000<31>)
     XORCY:LI->O           1   0.527   0.000  Madd_prod_addsub0000_xor<31> (prod_addsub0000<31>)
     MUXF5:I1->O           1   0.321   0.420  prod<31>1_f5 (prod_31_OBUF)
     OBUF:I->O                 3.272          prod_31_OBUF (prod<31>)
    ----------------------------------------
    Total                     49.541ns (29.311ns logic, 20.230ns route)
                                       (59.2% logic, 40.8% route)

=========================================================================


Total REAL time to Xst completion: 12.00 secs
Total CPU time to Xst completion: 11.26 secs
 
--> 

Total memory usage is 302472 kilobytes

Number of errors   :    0 (   0 filtered)
Number of warnings :  188 (   0 filtered)
Number of infos    :    0 (   0 filtered)

